<?xml version="1.0" encoding="UTF-8"?>
<!-- Generated by org.testng.reporters.JUnitReportReporter -->
<testsuite hostname="Ponkarthikas-MacBook-Air.local" failures="0" tests="1" name="com.qa.tests.GetApiTest" time="0.728" errors="0" timestamp="2022-08-11T02:26:49 IST" skipped="0">
  <testcase classname="com.qa.tests.GetApiTest" name="getAPITestwithoutHeaders" time="0.728"/>
  <system-out/>
</testsuite> <!-- com.qa.tests.GetApiTest -->
